2022-08-15 14:17:53,833 [INFO]  * Detected change in 'C:\\Users\\\\PycharmProjects\\coursework2_source\\tests\\api_test.py', reloading
2022-08-15 14:17:53,926 [INFO]  * Restarting with stat
2022-08-15 14:17:54,665 [WARNING]  * Debugger is active!
2022-08-15 14:17:54,673 [INFO]  * Debugger PIN: 119-144-646
2022-08-15 14:18:28,546 [INFO]  * Detected change in 'C:\\Users\\\\PycharmProjects\\coursework2_source\\tests\\api_test.py', reloading
2022-08-15 14:18:28,618 [INFO]  * Restarting with stat
2022-08-15 14:18:29,334 [WARNING]  * Debugger is active!
2022-08-15 14:18:29,343 [INFO]  * Debugger PIN: 119-144-646
2022-08-15 14:19:38,259 [INFO]  * Detected change in 'C:\\Users\\\\PycharmProjects\\coursework2_source\\tests\\api_test.py', reloading
2022-08-15 14:19:38,334 [INFO]  * Restarting with stat
2022-08-15 14:19:38,948 [WARNING]  * Debugger is active!
2022-08-15 14:19:38,955 [INFO]  * Debugger PIN: 119-144-646
2022-08-15 14:21:10,212 [INFO]  * Detected change in 'C:\\Users\\\\PycharmProjects\\coursework2_source\\tests\\api_test.py', reloading
2022-08-15 14:21:10,272 [INFO]  * Restarting with stat
2022-08-15 14:21:11,146 [WARNING]  * Debugger is active!
2022-08-15 14:21:11,154 [INFO]  * Debugger PIN: 119-144-646
2022-08-15 14:22:14,756 [INFO] [31m[1mWARNING: This is a development server. Do not use it in a production deployment. Use a production WSGI server instead.[0m
 * Running on http://127.0.0.1:5000
2022-08-15 14:22:14,756 [INFO] [33mPress CTRL+C to quit[0m
2022-08-15 14:22:14,756 [INFO]  * Restarting with stat
2022-08-15 14:22:15,302 [WARNING]  * Debugger is active!
2022-08-15 14:22:15,302 [INFO]  * Debugger PIN: 119-144-646
2022-08-15 14:23:39,640 [INFO]  * Detected change in 'C:\\Users\\\\PycharmProjects\\coursework2_source\\tests\\api_test.py', reloading
2022-08-15 14:23:39,720 [INFO]  * Restarting with stat
2022-08-15 14:23:40,461 [WARNING]  * Debugger is active!
2022-08-15 14:23:40,470 [INFO]  * Debugger PIN: 119-144-646
2022-08-15 14:28:05,823 [INFO]  * Detected change in 'C:\\Users\\\\PycharmProjects\\coursework2_source\\tests\\posts_dao_test.py', reloading
2022-08-15 14:28:05,872 [INFO]  * Restarting with stat
2022-08-15 14:28:06,418 [WARNING]  * Debugger is active!
2022-08-15 14:28:06,418 [INFO]  * Debugger PIN: 119-144-646
2022-08-15 14:33:10,812 [INFO]  * Detected change in 'C:\\Users\\\\PycharmProjects\\coursework2_source\\tests\\api_test.py', reloading
2022-08-15 14:33:10,874 [INFO]  * Restarting with stat
2022-08-15 14:33:11,451 [WARNING]  * Debugger is active!
2022-08-15 14:33:11,467 [INFO]  * Debugger PIN: 119-144-646
2022-08-15 14:37:36,729 [INFO]  * Detected change in 'C:\\Users\\\\PycharmProjects\\coursework2_source\\tests\\posts_dao_test.py', reloading
2022-08-15 14:37:36,781 [INFO]  * Restarting with stat
2022-08-15 14:37:37,311 [WARNING]  * Debugger is active!
2022-08-15 14:37:37,311 [INFO]  * Debugger PIN: 119-144-646
2022-08-15 14:41:22,639 [INFO]  * Detected change in 'C:\\Users\\\\PycharmProjects\\coursework2_source\\tests\\posts_dao_test.py', reloading
2022-08-15 14:41:22,789 [INFO]  * Restarting with stat
2022-08-15 14:41:23,502 [WARNING]  * Debugger is active!
2022-08-15 14:41:23,517 [INFO]  * Debugger PIN: 119-144-646
2022-08-15 14:41:55,336 [INFO]  * Detected change in 'C:\\Users\\\\PycharmProjects\\coursework2_source\\tests\\posts_dao_test.py', reloading
2022-08-15 14:41:55,387 [INFO]  * Restarting with stat
2022-08-15 14:41:56,193 [WARNING]  * Debugger is active!
2022-08-15 14:41:56,201 [INFO]  * Debugger PIN: 119-144-646
2022-08-15 14:46:06,768 [INFO]  * Detected change in 'C:\\Users\\\\PycharmProjects\\coursework2_source\\tests\\posts_dao_test.py', reloading
2022-08-15 14:46:06,814 [INFO]  * Restarting with stat
2022-08-15 14:46:07,362 [WARNING]  * Debugger is active!
2022-08-15 14:46:07,362 [INFO]  * Debugger PIN: 119-144-646
2022-08-15 14:48:36,920 [INFO]  * Detected change in 'C:\\Users\\\\PycharmProjects\\coursework2_source\\posts_dao\\posts_dao.py', reloading
2022-08-15 14:48:36,967 [INFO]  * Restarting with stat
2022-08-15 14:50:36,813 [INFO] [31m[1mWARNING: This is a development server. Do not use it in a production deployment. Use a production WSGI server instead.[0m
 * Running on http://127.0.0.1:5000
2022-08-15 14:50:36,813 [INFO] [33mPress CTRL+C to quit[0m
2022-08-15 14:50:36,813 [INFO]  * Restarting with stat
2022-08-15 14:50:37,375 [WARNING]  * Debugger is active!
2022-08-15 14:50:37,390 [INFO]  * Debugger PIN: 119-144-646
2022-08-15 14:50:41,692 [INFO] 127.0.0.1 - - [15/Aug/2022 14:50:41] "[35m[1mGET / HTTP/1.1[0m" 500 -
2022-08-15 14:50:42,481 [INFO] 127.0.0.1 - - [15/Aug/2022 14:50:42] "GET /?__debugger__=yes&cmd=resource&f=style.css HTTP/1.1" 200 -
2022-08-15 14:50:42,481 [INFO] 127.0.0.1 - - [15/Aug/2022 14:50:42] "GET /?__debugger__=yes&cmd=resource&f=debugger.js HTTP/1.1" 200 -
2022-08-15 14:50:43,308 [INFO] 127.0.0.1 - - [15/Aug/2022 14:50:43] "GET /?__debugger__=yes&cmd=resource&f=console.png HTTP/1.1" 200 -
2022-08-15 14:50:43,741 [INFO] 127.0.0.1 - - [15/Aug/2022 14:50:43] "[36mGET /?__debugger__=yes&cmd=resource&f=console.png HTTP/1.1[0m" 304 -
2022-08-15 14:52:09,080 [INFO] [31m[1mWARNING: This is a development server. Do not use it in a production deployment. Use a production WSGI server instead.[0m
 * Running on http://127.0.0.1:5000
2022-08-15 14:52:09,080 [INFO] [33mPress CTRL+C to quit[0m
2022-08-15 14:52:09,080 [INFO]  * Restarting with stat
2022-08-15 14:52:09,657 [WARNING]  * Debugger is active!
2022-08-15 14:52:09,673 [INFO]  * Debugger PIN: 119-144-646
2022-08-15 14:52:14,925 [INFO] 127.0.0.1 - - [15/Aug/2022 14:52:14] "[35m[1mGET / HTTP/1.1[0m" 500 -
2022-08-15 14:52:14,988 [INFO] 127.0.0.1 - - [15/Aug/2022 14:52:14] "[36mGET /?__debugger__=yes&cmd=resource&f=style.css HTTP/1.1[0m" 304 -
2022-08-15 14:52:14,993 [INFO] 127.0.0.1 - - [15/Aug/2022 14:52:14] "[36mGET /?__debugger__=yes&cmd=resource&f=debugger.js HTTP/1.1[0m" 304 -
2022-08-15 14:52:15,050 [INFO] 127.0.0.1 - - [15/Aug/2022 14:52:15] "[36mGET /?__debugger__=yes&cmd=resource&f=console.png HTTP/1.1[0m" 304 -
2022-08-15 14:52:15,290 [INFO] 127.0.0.1 - - [15/Aug/2022 14:52:15] "[36mGET /?__debugger__=yes&cmd=resource&f=console.png HTTP/1.1[0m" 304 -
2022-08-15 14:54:51,893 [INFO]  * Detected change in 'C:\\Users\\\\PycharmProjects\\coursework2_source\\error_handler\\handlers.py', reloading
2022-08-15 14:54:51,971 [INFO]  * Restarting with stat
2022-08-15 15:15:21,271 [INFO] [31m[1mWARNING: This is a development server. Do not use it in a production deployment. Use a production WSGI server instead.[0m
 * Running on http://127.0.0.1:5000
2022-08-15 15:15:21,271 [INFO] [33mPress CTRL+C to quit[0m
2022-08-15 15:15:21,287 [INFO]  * Restarting with stat
2022-08-15 15:15:21,833 [WARNING]  * Debugger is active!
2022-08-15 15:15:21,833 [INFO]  * Debugger PIN: 119-144-646
2022-08-15 15:15:28,140 [INFO] Request  for a list of posts
2022-08-15 15:15:28,145 [INFO] 127.0.0.1 - - [15/Aug/2022 15:15:28] "GET /api/posts HTTP/1.1" 200 -
2022-08-15 15:15:33,746 [INFO] 127.0.0.1 - - [15/Aug/2022 15:15:33] "GET / HTTP/1.1" 200 -
2022-08-15 15:15:33,788 [INFO] 127.0.0.1 - - [15/Aug/2022 15:15:33] "[36mGET /static/css/styles.min.css HTTP/1.1[0m" 304 -
2022-08-15 15:15:33,791 [INFO] 127.0.0.1 - - [15/Aug/2022 15:15:33] "[36mGET /static/img/bookmark.png HTTP/1.1[0m" 304 -
2022-08-15 15:15:33,849 [INFO] 127.0.0.1 - - [15/Aug/2022 15:15:33] "[36mGET /static/img/eye.png HTTP/1.1[0m" 304 -
2022-08-15 15:15:35,048 [INFO] 127.0.0.1 - - [15/Aug/2022 15:15:35] "GET /posts/1 HTTP/1.1" 200 -
2022-08-15 15:15:35,082 [INFO] 127.0.0.1 - - [15/Aug/2022 15:15:35] "[36mGET /static/img/bookmark.png HTTP/1.1[0m" 304 -
2022-08-15 15:15:35,083 [INFO] 127.0.0.1 - - [15/Aug/2022 15:15:35] "[36mGET /static/css/styles.min.css HTTP/1.1[0m" 304 -
2022-08-15 15:15:35,122 [INFO] 127.0.0.1 - - [15/Aug/2022 15:15:35] "[36mGET /static/img/eye.png HTTP/1.1[0m" 304 -
2022-08-15 15:15:36,168 [INFO] 127.0.0.1 - - [15/Aug/2022 15:15:36] "GET /users/leo HTTP/1.1" 200 -
2022-08-15 15:15:36,203 [INFO] 127.0.0.1 - - [15/Aug/2022 15:15:36] "[36mGET /static/img/eye.png HTTP/1.1[0m" 304 -
2022-08-15 15:15:36,203 [INFO] 127.0.0.1 - - [15/Aug/2022 15:15:36] "[36mGET /static/css/styles.min.css HTTP/1.1[0m" 304 -
2022-08-15 15:15:36,252 [INFO] 127.0.0.1 - - [15/Aug/2022 15:15:36] "[36mGET /static/img/bookmark.png HTTP/1.1[0m" 304 -
2022-08-15 15:15:39,816 [INFO] 127.0.0.1 - - [15/Aug/2022 15:15:39] "GET /users/leo HTTP/1.1" 200 -
2022-08-15 15:15:39,858 [INFO] 127.0.0.1 - - [15/Aug/2022 15:15:39] "[36mGET /static/css/styles.min.css HTTP/1.1[0m" 304 -
2022-08-15 15:15:39,860 [INFO] 127.0.0.1 - - [15/Aug/2022 15:15:39] "[36mGET /static/img/eye.png HTTP/1.1[0m" 304 -
2022-08-15 15:15:39,916 [INFO] 127.0.0.1 - - [15/Aug/2022 15:15:39] "[36mGET /static/img/bookmark.png HTTP/1.1[0m" 304 -
2022-08-15 15:15:41,169 [INFO] 127.0.0.1 - - [15/Aug/2022 15:15:41] "GET /posts/1 HTTP/1.1" 200 -
2022-08-15 15:15:41,218 [INFO] 127.0.0.1 - - [15/Aug/2022 15:15:41] "[36mGET /static/css/styles.min.css HTTP/1.1[0m" 304 -
2022-08-15 15:15:41,221 [INFO] 127.0.0.1 - - [15/Aug/2022 15:15:41] "[36mGET /static/img/bookmark.png HTTP/1.1[0m" 304 -
2022-08-15 15:15:41,282 [INFO] 127.0.0.1 - - [15/Aug/2022 15:15:41] "[36mGET /static/img/eye.png HTTP/1.1[0m" 304 -
2022-08-15 15:15:44,955 [INFO] 127.0.0.1 - - [15/Aug/2022 15:15:44] "GET / HTTP/1.1" 200 -
2022-08-15 15:15:45,000 [INFO] 127.0.0.1 - - [15/Aug/2022 15:15:44] "[36mGET /static/css/styles.min.css HTTP/1.1[0m" 304 -
2022-08-15 15:15:45,002 [INFO] 127.0.0.1 - - [15/Aug/2022 15:15:45] "[36mGET /static/img/bookmark.png HTTP/1.1[0m" 304 -
2022-08-15 15:15:45,060 [INFO] 127.0.0.1 - - [15/Aug/2022 15:15:45] "[36mGET /static/img/eye.png HTTP/1.1[0m" 304 -
2022-08-15 15:15:48,485 [INFO] 127.0.0.1 - - [15/Aug/2022 15:15:48] "GET /users/johnny HTTP/1.1" 200 -
2022-08-15 15:15:48,544 [INFO] 127.0.0.1 - - [15/Aug/2022 15:15:48] "[36mGET /static/css/styles.min.css HTTP/1.1[0m" 304 -
2022-08-15 15:15:48,547 [INFO] 127.0.0.1 - - [15/Aug/2022 15:15:48] "[36mGET /static/img/eye.png HTTP/1.1[0m" 304 -
2022-08-15 15:15:48,599 [INFO] 127.0.0.1 - - [15/Aug/2022 15:15:48] "[36mGET /static/img/bookmark.png HTTP/1.1[0m" 304 -
2022-08-15 15:15:50,097 [INFO] 127.0.0.1 - - [15/Aug/2022 15:15:50] "GET / HTTP/1.1" 200 -
2022-08-15 15:15:50,134 [INFO] 127.0.0.1 - - [15/Aug/2022 15:15:50] "[36mGET /static/css/styles.min.css HTTP/1.1[0m" 304 -
2022-08-15 15:15:50,142 [INFO] 127.0.0.1 - - [15/Aug/2022 15:15:50] "[36mGET /static/img/bookmark.png HTTP/1.1[0m" 304 -
2022-08-15 15:15:50,201 [INFO] 127.0.0.1 - - [15/Aug/2022 15:15:50] "[36mGET /static/img/eye.png HTTP/1.1[0m" 304 -
2022-08-15 15:16:11,057 [INFO]  * Detected change in 'C:\\Users\\\\PycharmProjects\\coursework2_source\\app.py', reloading
2022-08-15 15:16:11,104 [INFO]  * Restarting with stat
2022-08-15 15:16:11,902 [WARNING]  * Debugger is active!
2022-08-15 15:16:11,902 [INFO]  * Debugger PIN: 119-144-646
2022-08-15 15:21:16,603 [INFO]  * Detected change in 'C:\\Users\\\\PycharmProjects\\coursework2_source\\app.py', reloading
2022-08-15 15:21:16,650 [INFO]  * Restarting with stat
2022-08-15 15:21:17,211 [WARNING]  * Debugger is active!
2022-08-15 15:21:17,227 [INFO]  * Debugger PIN: 119-144-646
2022-08-15 15:22:56,091 [INFO]  * Detected change in 'C:\\Users\\\\PycharmProjects\\coursework2_source\\tests\\posts_dao_test.py', reloading
2022-08-15 15:22:56,187 [INFO]  * Restarting with stat
2022-08-15 15:22:56,921 [WARNING]  * Debugger is active!
2022-08-15 15:22:56,931 [INFO]  * Debugger PIN: 119-144-646
2022-08-15 15:23:20,611 [INFO]  * Detected change in 'C:\\Users\\\\PycharmProjects\\coursework2_source\\tests\\posts_dao_test.py', reloading
2022-08-15 15:23:20,704 [INFO]  * Restarting with stat
2022-08-15 15:23:21,359 [WARNING]  * Debugger is active!
2022-08-15 15:23:21,359 [INFO]  * Debugger PIN: 119-144-646
2022-08-15 15:25:03,348 [INFO]  * Detected change in 'C:\\Users\\\\PycharmProjects\\coursework2_source\\tests\\posts_dao_test.py', reloading
2022-08-15 15:25:03,395 [INFO]  * Restarting with stat
2022-08-15 15:25:03,988 [WARNING]  * Debugger is active!
2022-08-15 15:25:04,004 [INFO]  * Debugger PIN: 119-144-646
2022-08-15 15:25:30,728 [INFO]  * Detected change in 'C:\\Users\\\\PycharmProjects\\coursework2_source\\tests\\posts_dao_test.py', reloading
2022-08-15 15:25:30,806 [INFO]  * Restarting with stat
2022-08-15 15:25:31,492 [WARNING]  * Debugger is active!
2022-08-15 15:25:31,508 [INFO]  * Debugger PIN: 119-144-646
2022-08-15 15:27:54,471 [INFO]  * Detected change in 'C:\\Users\\\\PycharmProjects\\coursework2_source\\posts_dao.py', reloading
2022-08-15 15:27:54,517 [INFO]  * Restarting with stat
2022-08-15 15:27:55,066 [WARNING]  * Debugger is active!
2022-08-15 15:27:55,066 [INFO]  * Debugger PIN: 119-144-646
2022-08-15 15:28:44,391 [INFO]  * Detected change in 'C:\\Users\\\\PycharmProjects\\coursework2_source\\tests\\posts_dao_test.py', reloading
2022-08-15 15:28:44,453 [INFO]  * Restarting with stat
2022-08-15 15:28:45,062 [WARNING]  * Debugger is active!
2022-08-15 15:28:45,077 [INFO]  * Debugger PIN: 119-144-646
2022-08-15 15:30:37,666 [INFO] [31m[1mWARNING: This is a development server. Do not use it in a production deployment. Use a production WSGI server instead.[0m
 * Running on http://127.0.0.1:5000
2022-08-15 15:30:37,666 [INFO] [33mPress CTRL+C to quit[0m
2022-08-15 15:30:37,666 [INFO]  * Restarting with stat
2022-08-15 15:30:38,306 [WARNING]  * Debugger is active!
2022-08-15 15:30:38,306 [INFO]  * Debugger PIN: 119-144-646
2022-08-15 15:30:41,324 [INFO] 127.0.0.1 - - [15/Aug/2022 15:30:41] "GET / HTTP/1.1" 200 -
2022-08-15 15:30:41,354 [INFO] 127.0.0.1 - - [15/Aug/2022 15:30:41] "[36mGET /static/css/styles.min.css HTTP/1.1[0m" 304 -
2022-08-15 15:30:41,360 [INFO] 127.0.0.1 - - [15/Aug/2022 15:30:41] "[36mGET /static/img/bookmark.png HTTP/1.1[0m" 304 -
2022-08-15 15:30:41,416 [INFO] 127.0.0.1 - - [15/Aug/2022 15:30:41] "[36mGET /static/img/eye.png HTTP/1.1[0m" 304 -
2022-08-15 15:30:42,706 [INFO] 127.0.0.1 - - [15/Aug/2022 15:30:42] "GET /users/leo HTTP/1.1" 200 -
2022-08-15 15:30:42,752 [INFO] 127.0.0.1 - - [15/Aug/2022 15:30:42] "[36mGET /static/css/styles.min.css HTTP/1.1[0m" 304 -
2022-08-15 15:30:42,755 [INFO] 127.0.0.1 - - [15/Aug/2022 15:30:42] "[36mGET /static/img/eye.png HTTP/1.1[0m" 304 -
2022-08-15 15:30:42,778 [INFO] 127.0.0.1 - - [15/Aug/2022 15:30:42] "[36mGET /static/img/bookmark.png HTTP/1.1[0m" 304 -
2022-08-15 15:31:31,009 [INFO]  * Detected change in 'C:\\Users\\\\PycharmProjects\\coursework2_source\\tests\\posts_dao_test.py', reloading
2022-08-15 15:31:31,056 [INFO]  * Restarting with stat
2022-08-15 15:31:31,633 [WARNING]  * Debugger is active!
2022-08-15 15:31:31,633 [INFO]  * Debugger PIN: 119-144-646
2022-08-15 15:32:17,909 [INFO]  * Detected change in 'C:\\Users\\\\PycharmProjects\\coursework2_source\\tests\\posts_dao_test.py', reloading
2022-08-15 15:32:17,956 [INFO]  * Restarting with stat
2022-08-15 15:32:18,580 [WARNING]  * Debugger is active!
2022-08-15 15:32:18,580 [INFO]  * Debugger PIN: 119-144-646
2022-08-15 15:32:59,635 [INFO]  * Detected change in 'C:\\Users\\\\PycharmProjects\\coursework2_source\\posts_dao.py', reloading
2022-08-15 15:32:59,697 [INFO]  * Restarting with stat
2022-08-15 15:33:00,228 [WARNING]  * Debugger is active!
2022-08-15 15:33:00,228 [INFO]  * Debugger PIN: 119-144-646
2022-08-15 15:34:38,022 [INFO]  * Detected change in 'C:\\Users\\\\PycharmProjects\\coursework2_source\\posts_dao.py', reloading
2022-08-15 15:34:38,069 [INFO]  * Restarting with stat
2022-08-15 15:34:38,600 [WARNING]  * Debugger is active!
2022-08-15 15:34:38,616 [INFO]  * Debugger PIN: 119-144-646
2022-08-15 15:35:41,316 [INFO]  * Detected change in 'C:\\Users\\\\PycharmProjects\\coursework2_source\\tests\\posts_dao_test.py', reloading
2022-08-15 15:35:41,363 [INFO]  * Restarting with stat
2022-08-15 15:35:41,987 [WARNING]  * Debugger is active!
2022-08-15 15:35:42,002 [INFO]  * Debugger PIN: 119-144-646
2022-08-15 15:39:44,692 [INFO]  * Detected change in 'C:\\Users\\\\PycharmProjects\\coursework2_source\\posts_dao.py', reloading
2022-08-15 15:39:44,743 [INFO]  * Restarting with stat
2022-08-15 15:39:45,333 [WARNING]  * Debugger is active!
2022-08-15 15:39:45,342 [INFO]  * Debugger PIN: 119-144-646
2022-08-15 15:40:51,986 [INFO]  * Detected change in 'C:\\Users\\\\PycharmProjects\\coursework2_source\\tests\\api_test.py', reloading
2022-08-15 15:40:52,058 [INFO]  * Restarting with stat
2022-08-15 15:40:52,720 [WARNING]  * Debugger is active!
2022-08-15 15:40:52,736 [INFO]  * Debugger PIN: 119-144-646
2022-08-15 15:45:31,127 [INFO]  * Detected change in 'C:\\Users\\\\PycharmProjects\\coursework2_source\\tests\\api_test.py', reloading
2022-08-15 15:45:31,173 [INFO]  * Restarting with stat
2022-08-15 15:45:31,813 [WARNING]  * Debugger is active!
2022-08-15 15:45:31,829 [INFO]  * Debugger PIN: 119-144-646
2022-08-15 15:45:41,201 [INFO]  * Detected change in 'C:\\Users\\\\PycharmProjects\\coursework2_source\\tests\\api_test.py', reloading
2022-08-15 15:45:41,248 [INFO]  * Restarting with stat
2022-08-15 15:45:41,842 [WARNING]  * Debugger is active!
2022-08-15 15:45:41,842 [INFO]  * Debugger PIN: 119-144-646
2022-08-15 15:47:29,549 [INFO]  * Detected change in 'C:\\Users\\\\PycharmProjects\\coursework2_source\\tests\\api_test.py', reloading
2022-08-15 15:47:29,628 [INFO]  * Restarting with stat
2022-08-15 15:47:30,173 [WARNING]  * Debugger is active!
2022-08-15 15:47:30,180 [INFO]  * Debugger PIN: 119-144-646
2022-08-15 15:48:10,266 [INFO]  * Detected change in 'C:\\Users\\\\PycharmProjects\\coursework2_source\\tests\\api_test.py', reloading
2022-08-15 15:48:10,328 [INFO]  * Restarting with stat
2022-08-15 15:48:10,890 [WARNING]  * Debugger is active!
2022-08-15 15:48:10,890 [INFO]  * Debugger PIN: 119-144-646
2022-08-15 15:56:23,014 [INFO]  * Detected change in 'C:\\Users\\\\PycharmProjects\\coursework2_source\\tests\\api_test.py', reloading
2022-08-15 15:56:23,105 [INFO]  * Restarting with stat
2022-08-15 15:56:24,969 [WARNING]  * Debugger is active!
2022-08-15 15:56:25,036 [INFO]  * Debugger PIN: 119-144-646
2022-08-15 15:58:31,165 [INFO]  * Detected change in 'C:\\Users\\\\PycharmProjects\\coursework2_source\\tests\\api_test.py', reloading
2022-08-15 15:58:31,239 [INFO]  * Restarting with stat
2022-08-15 15:58:31,876 [WARNING]  * Debugger is active!
2022-08-15 15:58:31,892 [INFO]  * Debugger PIN: 119-144-646
2022-08-15 16:01:24,166 [INFO]  * Detected change in 'C:\\Users\\\\PycharmProjects\\coursework2_source\\tests\\api_test.py', reloading
2022-08-15 16:01:24,235 [INFO]  * Restarting with stat
2022-08-15 16:01:24,860 [WARNING]  * Debugger is active!
2022-08-15 16:01:24,870 [INFO]  * Debugger PIN: 119-144-646
2022-08-15 16:02:53,438 [INFO]  * Detected change in 'C:\\Users\\\\PycharmProjects\\coursework2_source\\tests\\api_test.py', reloading
2022-08-15 16:02:53,483 [INFO]  * Restarting with stat
2022-08-15 16:02:54,042 [WARNING]  * Debugger is active!
2022-08-15 16:02:54,058 [INFO]  * Debugger PIN: 119-144-646
2022-08-15 16:28:02,153 [INFO]  * Detected change in 'C:\\Users\\\\PycharmProjects\\coursework2_source\\tests\\api_test.py', reloading
2022-08-15 16:28:02,237 [INFO]  * Restarting with stat
2022-08-15 16:28:03,063 [WARNING]  * Debugger is active!
2022-08-15 16:28:03,076 [INFO]  * Debugger PIN: 119-144-646
2022-08-15 16:30:50,732 [INFO]  * Detected change in 'C:\\Users\\\\PycharmProjects\\coursework2_source\\tests\\api_test.py', reloading
2022-08-15 16:30:50,794 [INFO]  * Restarting with stat
2022-08-15 16:30:51,340 [WARNING]  * Debugger is active!
2022-08-15 16:30:51,340 [INFO]  * Debugger PIN: 119-144-646
2022-08-15 16:32:12,476 [INFO]  * Detected change in 'C:\\Users\\\\PycharmProjects\\coursework2_source\\tests\\api_test.py', reloading
2022-08-15 16:32:12,539 [INFO]  * Restarting with stat
2022-08-15 16:32:13,100 [WARNING]  * Debugger is active!
2022-08-15 16:32:13,100 [INFO]  * Debugger PIN: 119-144-646
2022-08-15 16:32:42,839 [INFO]  * Detected change in 'C:\\Users\\\\PycharmProjects\\coursework2_source\\tests\\api_test.py', reloading
2022-08-15 16:32:42,886 [INFO]  * Restarting with stat
2022-08-15 16:32:43,416 [WARNING]  * Debugger is active!
2022-08-15 16:32:43,432 [INFO]  * Debugger PIN: 119-144-646
2022-08-15 16:33:46,279 [INFO]  * Detected change in 'C:\\Users\\\\PycharmProjects\\coursework2_source\\tests\\api_test.py', reloading
2022-08-15 16:33:46,340 [INFO]  * Restarting with stat
2022-08-15 16:33:46,920 [WARNING]  * Debugger is active!
2022-08-15 16:33:46,928 [INFO]  * Debugger PIN: 119-144-646
2022-08-15 16:33:51,090 [INFO]  * Detected change in 'C:\\Users\\\\PycharmProjects\\coursework2_source\\tests\\api_test.py', reloading
2022-08-15 16:33:51,155 [INFO]  * Restarting with stat
2022-08-15 16:33:52,086 [WARNING]  * Debugger is active!
2022-08-15 16:33:52,096 [INFO]  * Debugger PIN: 119-144-646
2022-08-15 16:35:12,301 [INFO]  * Detected change in 'C:\\Users\\\\PycharmProjects\\coursework2_source\\tests\\api_test.py', reloading
2022-08-15 16:35:12,349 [INFO]  * Restarting with stat
2022-08-15 16:35:12,895 [WARNING]  * Debugger is active!
2022-08-15 16:35:12,895 [INFO]  * Debugger PIN: 119-144-646
2022-08-15 16:37:37,959 [INFO]  * Detected change in 'C:\\Users\\\\PycharmProjects\\coursework2_source\\tests\\api_test.py', reloading
2022-08-15 16:37:38,006 [INFO]  * Restarting with stat
2022-08-15 16:37:38,552 [INFO] Request  for a list of posts
2022-08-15 16:37:38,583 [WARNING]  * Debugger is active!
2022-08-15 16:37:38,583 [INFO]  * Debugger PIN: 119-144-646
2022-08-15 16:38:40,321 [INFO]  * Detected change in 'C:\\Users\\\\PycharmProjects\\coursework2_source\\tests\\api_test.py', reloading
2022-08-15 16:38:40,433 [INFO]  * Restarting with stat
2022-08-15 16:38:41,075 [WARNING]  * Debugger is active!
2022-08-15 16:38:41,082 [INFO]  * Debugger PIN: 119-144-646
2022-08-15 16:39:01,601 [INFO]  * Detected change in 'C:\\Users\\\\PycharmProjects\\coursework2_source\\tests\\api_test.py', reloading
2022-08-15 16:39:01,648 [INFO]  * Restarting with stat
2022-08-15 16:39:02,209 [WARNING]  * Debugger is active!
2022-08-15 16:39:02,225 [INFO]  * Debugger PIN: 119-144-646
2022-08-15 16:39:35,066 [INFO]  * Detected change in 'C:\\Users\\\\PycharmProjects\\coursework2_source\\tests\\api_test.py', reloading
2022-08-15 16:39:35,128 [INFO]  * Restarting with stat
2022-08-15 16:39:35,737 [WARNING]  * Debugger is active!
2022-08-15 16:39:35,737 [INFO]  * Debugger PIN: 119-144-646
2022-08-15 16:40:09,670 [INFO]  * Detected change in 'C:\\Users\\\\PycharmProjects\\coursework2_source\\tests\\api_test.py', reloading
2022-08-15 16:40:09,764 [INFO]  * Restarting with stat
2022-08-15 16:40:10,403 [WARNING]  * Debugger is active!
2022-08-15 16:40:10,419 [INFO]  * Debugger PIN: 119-144-646
2022-08-15 16:40:16,226 [INFO] Request  for a list of posts
2022-08-15 16:40:50,504 [INFO]  * Detected change in 'C:\\Users\\\\PycharmProjects\\coursework2_source\\tests\\api_test.py', reloading
2022-08-15 16:40:50,571 [INFO]  * Restarting with stat
2022-08-15 16:40:51,189 [WARNING]  * Debugger is active!
2022-08-15 16:40:51,196 [INFO]  * Debugger PIN: 119-144-646
2022-08-15 16:42:22,504 [INFO]  * Detected change in 'C:\\Users\\\\PycharmProjects\\coursework2_source\\tests\\api_test.py', reloading
2022-08-15 16:42:22,558 [INFO]  * Restarting with stat
2022-08-15 16:42:23,140 [WARNING]  * Debugger is active!
2022-08-15 16:42:23,150 [INFO]  * Debugger PIN: 119-144-646
2022-08-15 16:43:21,412 [INFO]  * Detected change in 'C:\\Users\\\\PycharmProjects\\coursework2_source\\tests\\api_test.py', reloading
2022-08-15 16:43:21,478 [INFO]  * Restarting with stat
2022-08-15 16:43:22,072 [WARNING]  * Debugger is active!
2022-08-15 16:43:22,081 [INFO]  * Debugger PIN: 119-144-646
2022-08-15 16:43:47,739 [INFO]  * Detected change in 'C:\\Users\\\\PycharmProjects\\coursework2_source\\tests\\api_test.py', reloading
2022-08-15 16:43:47,802 [INFO]  * Restarting with stat
2022-08-15 16:43:48,192 [INFO] Request  for a list of posts
2022-08-15 16:43:48,426 [WARNING]  * Debugger is active!
2022-08-15 16:43:48,426 [INFO]  * Debugger PIN: 119-144-646
2022-08-15 16:43:54,672 [INFO]  * Detected change in 'C:\\Users\\\\PycharmProjects\\coursework2_source\\tests\\api_test.py', reloading
2022-08-15 16:43:54,719 [INFO]  * Restarting with stat
2022-08-15 16:43:54,782 [INFO] Request  for a list of posts
2022-08-15 16:43:55,266 [WARNING]  * Debugger is active!
2022-08-15 16:43:55,281 [INFO]  * Debugger PIN: 119-144-646
2022-08-15 16:44:06,487 [INFO] Request  for a list of posts
2022-08-15 16:44:06,581 [INFO]  * Detected change in 'C:\\Users\\\\PycharmProjects\\coursework2_source\\tests\\api_test.py', reloading
2022-08-15 16:44:06,628 [INFO]  * Restarting with stat
2022-08-15 16:44:07,158 [WARNING]  * Debugger is active!
2022-08-15 16:44:07,158 [INFO]  * Debugger PIN: 119-144-646
2022-08-15 16:44:46,248 [INFO]  * Detected change in 'C:\\Users\\\\PycharmProjects\\coursework2_source\\tests\\api_test.py', reloading
2022-08-15 16:44:46,294 [INFO]  * Restarting with stat
2022-08-15 16:44:46,840 [WARNING]  * Debugger is active!
2022-08-15 16:44:46,840 [INFO]  * Debugger PIN: 119-144-646
2022-08-15 16:45:38,260 [INFO]  * Detected change in 'C:\\Users\\\\PycharmProjects\\coursework2_source\\tests\\api_test.py', reloading
2022-08-15 16:45:38,322 [INFO]  * Restarting with stat
2022-08-15 16:45:38,946 [WARNING]  * Debugger is active!
2022-08-15 16:45:38,962 [INFO]  * Debugger PIN: 119-144-646
2022-08-15 16:45:43,976 [INFO] Request  for a list of posts
2022-08-15 16:46:48,040 [INFO]  * Detected change in 'C:\\Users\\\\PycharmProjects\\coursework2_source\\tests\\api_test.py', reloading
2022-08-15 16:46:48,087 [INFO]  * Restarting with stat
2022-08-15 16:46:48,648 [WARNING]  * Debugger is active!
2022-08-15 16:46:48,648 [INFO]  * Debugger PIN: 119-144-646
2022-08-15 16:47:17,578 [INFO]  * Detected change in 'C:\\Users\\\\PycharmProjects\\coursework2_source\\tests\\api_test.py', reloading
2022-08-15 16:47:17,679 [INFO]  * Restarting with stat
2022-08-15 16:47:18,322 [WARNING]  * Debugger is active!
2022-08-15 16:47:18,332 [INFO]  * Debugger PIN: 119-144-646
2022-08-15 16:48:02,613 [INFO]  * Detected change in 'C:\\Users\\\\PycharmProjects\\coursework2_source\\tests\\api_test.py', reloading
2022-08-15 16:48:02,660 [INFO]  * Restarting with stat
2022-08-15 16:48:03,253 [WARNING]  * Debugger is active!
2022-08-15 16:48:03,268 [INFO]  * Debugger PIN: 119-144-646
2022-08-15 16:48:23,977 [INFO]  * Detected change in 'C:\\Users\\\\PycharmProjects\\coursework2_source\\tests\\api_test.py', reloading
2022-08-15 16:48:24,024 [INFO]  * Restarting with stat
2022-08-15 16:48:24,602 [WARNING]  * Debugger is active!
2022-08-15 16:48:24,602 [INFO]  * Debugger PIN: 119-144-646
2022-08-15 16:48:55,543 [INFO]  * Detected change in 'C:\\Users\\\\PycharmProjects\\coursework2_source\\tests\\api_test.py', reloading
2022-08-15 16:48:55,605 [INFO]  * Restarting with stat
2022-08-15 16:48:56,231 [WARNING]  * Debugger is active!
2022-08-15 16:48:56,231 [INFO]  * Debugger PIN: 119-144-646
2022-08-15 16:49:32,385 [INFO]  * Detected change in 'C:\\Users\\\\PycharmProjects\\coursework2_source\\tests\\api_test.py', reloading
2022-08-15 16:49:32,432 [INFO]  * Restarting with stat
2022-08-15 16:49:32,979 [WARNING]  * Debugger is active!
2022-08-15 16:49:32,995 [INFO]  * Debugger PIN: 119-144-646
2022-08-15 16:49:58,710 [INFO]  * Detected change in 'C:\\Users\\\\PycharmProjects\\coursework2_source\\tests\\api_test.py', reloading
2022-08-15 16:49:58,757 [INFO]  * Restarting with stat
2022-08-15 16:49:59,334 [WARNING]  * Debugger is active!
2022-08-15 16:49:59,349 [INFO]  * Debugger PIN: 119-144-646
2022-08-15 16:52:38,852 [INFO]  * Detected change in 'C:\\Users\\\\PycharmProjects\\coursework2_source\\tests\\api_test.py', reloading
2022-08-15 16:52:38,898 [INFO]  * Restarting with stat
2022-08-15 16:52:39,507 [WARNING]  * Debugger is active!
2022-08-15 16:52:39,507 [INFO]  * Debugger PIN: 119-144-646
2022-08-15 16:54:07,211 [INFO]  * Detected change in 'C:\\Users\\\\PycharmProjects\\coursework2_source\\tests\\api_test.py', reloading
2022-08-15 16:54:07,258 [INFO]  * Restarting with stat
2022-08-15 16:54:07,800 [WARNING]  * Debugger is active!
2022-08-15 16:54:07,807 [INFO]  * Debugger PIN: 119-144-646
2022-08-15 16:55:00,205 [INFO]  * Detected change in 'C:\\Users\\\\PycharmProjects\\coursework2_source\\tests\\api_test.py', reloading
2022-08-15 16:55:00,251 [INFO]  * Restarting with stat
2022-08-15 16:55:00,922 [WARNING]  * Debugger is active!
2022-08-15 16:55:00,938 [INFO]  * Debugger PIN: 119-144-646
2022-08-15 16:56:15,840 [INFO]  * Detected change in 'C:\\Users\\\\PycharmProjects\\coursework2_source\\tests\\api_test.py', reloading
2022-08-15 16:56:15,893 [INFO]  * Restarting with stat
2022-08-15 16:56:16,497 [WARNING]  * Debugger is active!
2022-08-15 16:56:16,505 [INFO]  * Debugger PIN: 119-144-646
2022-08-15 16:57:13,012 [INFO]  * Detected change in 'C:\\Users\\\\PycharmProjects\\coursework2_source\\tests\\api_test.py', reloading
2022-08-15 16:57:13,059 [INFO]  * Restarting with stat
2022-08-15 16:57:13,620 [WARNING]  * Debugger is active!
2022-08-15 16:57:13,620 [INFO]  * Debugger PIN: 119-144-646
2022-08-15 16:57:47,661 [INFO]  * Detected change in 'C:\\Users\\\\PycharmProjects\\coursework2_source\\tests\\api_test.py', reloading
2022-08-15 16:57:47,801 [INFO]  * Restarting with stat
2022-08-15 16:57:48,399 [WARNING]  * Debugger is active!
2022-08-15 16:57:48,406 [INFO]  * Debugger PIN: 119-144-646
2022-08-15 16:59:49,872 [INFO]  * Detected change in 'C:\\Users\\\\PycharmProjects\\coursework2_source\\tests\\api_test.py', reloading
2022-08-15 16:59:49,919 [INFO]  * Restarting with stat
2022-08-15 16:59:50,528 [WARNING]  * Debugger is active!
2022-08-15 16:59:50,528 [INFO]  * Debugger PIN: 119-144-646
2022-08-15 17:28:54,604 [INFO]  * Detected change in 'C:\\Users\\\\PycharmProjects\\coursework2_source\\app.py', reloading
2022-08-15 17:28:54,666 [INFO]  * Restarting with stat
2022-08-15 17:28:55,349 [WARNING]  * Debugger is active!
2022-08-15 17:28:55,357 [INFO]  * Debugger PIN: 119-144-646
